[2018-10-25T20:00:01.057] [INFO] default - TypeError: Cannot read property 'indexOf' of undefined
    at Object.add (/data/wwwroot/wss.onesmart.org/web/modules/mq.js:15:52)
    at WebSocketServer.connection (/data/wwwroot/wss.onesmart.org/web/app.js:17:8)
    at emitTwo (events.js:125:13)
    at WebSocketServer.emit (events.js:213:7)
    at handleUpgrade (/data/wwwroot/wss.onesmart.org/web/node_modules/ws/lib/WebSocketServer.js:87:16)
    at WebSocketServer.completeUpgrade (/data/wwwroot/wss.onesmart.org/web/node_modules/ws/lib/WebSocketServer.js:288:5)
    at WebSocketServer.handleUpgrade (/data/wwwroot/wss.onesmart.org/web/node_modules/ws/lib/WebSocketServer.js:227:10)
    at Server.WebSocketServer._ultron.on (/data/wwwroot/wss.onesmart.org/web/node_modules/ws/lib/WebSocketServer.js:86:14)
    at emitThree (events.js:135:13)
    at Server.emit (events.js:216:7)
[2018-10-25T20:00:01.057] [INFO] default - TypeError: Cannot read property 'indexOf' of undefined
    at Object.add (/data/wwwroot/wss.onesmart.org/web/modules/mq.js:15:52)
    at WebSocketServer.connection (/data/wwwroot/wss.onesmart.org/web/app.js:17:8)
    at emitTwo (events.js:125:13)
    at WebSocketServer.emit (events.js:213:7)
    at handleUpgrade (/data/wwwroot/wss.onesmart.org/web/node_modules/ws/lib/WebSocketServer.js:87:16)
    at WebSocketServer.completeUpgrade (/data/wwwroot/wss.onesmart.org/web/node_modules/ws/lib/WebSocketServer.js:288:5)
    at WebSocketServer.handleUpgrade (/data/wwwroot/wss.onesmart.org/web/node_modules/ws/lib/WebSocketServer.js:227:10)
    at Server.WebSocketServer._ultron.on (/data/wwwroot/wss.onesmart.org/web/node_modules/ws/lib/WebSocketServer.js:86:14)
    at emitThree (events.js:135:13)
    at Server.emit (events.js:216:7)
[2018-10-25T20:05:29.632] [INFO] default - TypeError: Cannot read property 'indexOf' of undefined
    at Object.add (/data/wwwroot/wss.onesmart.org/web/modules/mq.js:15:52)
    at WebSocketServer.connection (/data/wwwroot/wss.onesmart.org/web/app.js:17:8)
    at emitTwo (events.js:125:13)
    at WebSocketServer.emit (events.js:213:7)
    at handleUpgrade (/data/wwwroot/wss.onesmart.org/web/node_modules/ws/lib/WebSocketServer.js:87:16)
    at WebSocketServer.completeUpgrade (/data/wwwroot/wss.onesmart.org/web/node_modules/ws/lib/WebSocketServer.js:288:5)
    at WebSocketServer.handleUpgrade (/data/wwwroot/wss.onesmart.org/web/node_modules/ws/lib/WebSocketServer.js:227:10)
    at Server.WebSocketServer._ultron.on (/data/wwwroot/wss.onesmart.org/web/node_modules/ws/lib/WebSocketServer.js:86:14)
    at emitThree (events.js:135:13)
    at Server.emit (events.js:216:7)
[2018-10-25T20:05:29.632] [INFO] default - TypeError: Cannot read property 'indexOf' of undefined
    at Object.add (/data/wwwroot/wss.onesmart.org/web/modules/mq.js:15:52)
    at WebSocketServer.connection (/data/wwwroot/wss.onesmart.org/web/app.js:17:8)
    at emitTwo (events.js:125:13)
    at WebSocketServer.emit (events.js:213:7)
    at handleUpgrade (/data/wwwroot/wss.onesmart.org/web/node_modules/ws/lib/WebSocketServer.js:87:16)
    at WebSocketServer.completeUpgrade (/data/wwwroot/wss.onesmart.org/web/node_modules/ws/lib/WebSocketServer.js:288:5)
    at WebSocketServer.handleUpgrade (/data/wwwroot/wss.onesmart.org/web/node_modules/ws/lib/WebSocketServer.js:227:10)
    at Server.WebSocketServer._ultron.on (/data/wwwroot/wss.onesmart.org/web/node_modules/ws/lib/WebSocketServer.js:86:14)
    at emitThree (events.js:135:13)
    at Server.emit (events.js:216:7)
[2018-10-25T20:12:28.342] [INFO] default - TypeError: Cannot read property 'indexOf' of undefined
    at Object.add (/data/wwwroot/wss.onesmart.org/web/modules/mq.js:15:52)
    at WebSocketServer.connection (/data/wwwroot/wss.onesmart.org/web/app.js:17:8)
    at emitTwo (events.js:125:13)
    at WebSocketServer.emit (events.js:213:7)
    at handleUpgrade (/data/wwwroot/wss.onesmart.org/web/node_modules/ws/lib/WebSocketServer.js:87:16)
    at WebSocketServer.completeUpgrade (/data/wwwroot/wss.onesmart.org/web/node_modules/ws/lib/WebSocketServer.js:288:5)
    at WebSocketServer.handleUpgrade (/data/wwwroot/wss.onesmart.org/web/node_modules/ws/lib/WebSocketServer.js:227:10)
    at Server.WebSocketServer._ultron.on (/data/wwwroot/wss.onesmart.org/web/node_modules/ws/lib/WebSocketServer.js:86:14)
    at emitThree (events.js:135:13)
    at Server.emit (events.js:216:7)
[2018-10-25T20:12:28.342] [INFO] default - TypeError: Cannot read property 'indexOf' of undefined
    at Object.add (/data/wwwroot/wss.onesmart.org/web/modules/mq.js:15:52)
    at WebSocketServer.connection (/data/wwwroot/wss.onesmart.org/web/app.js:17:8)
    at emitTwo (events.js:125:13)
    at WebSocketServer.emit (events.js:213:7)
    at handleUpgrade (/data/wwwroot/wss.onesmart.org/web/node_modules/ws/lib/WebSocketServer.js:87:16)
    at WebSocketServer.completeUpgrade (/data/wwwroot/wss.onesmart.org/web/node_modules/ws/lib/WebSocketServer.js:288:5)
    at WebSocketServer.handleUpgrade (/data/wwwroot/wss.onesmart.org/web/node_modules/ws/lib/WebSocketServer.js:227:10)
    at Server.WebSocketServer._ultron.on (/data/wwwroot/wss.onesmart.org/web/node_modules/ws/lib/WebSocketServer.js:86:14)
    at emitThree (events.js:135:13)
    at Server.emit (events.js:216:7)
