[2018-05-19T22:41:11.145] [INFO] default - Error: not opened
    at WebSocket.send (/data/wwwroot/wss.onesmart.org/web/node_modules/ws/lib/WebSocket.js:360:18)
    at Object.user_quit (/data/wwwroot/wss.onesmart.org/web/modules/OUTmessage.js:55:34)
    at Object.quit (/data/wwwroot/wss.onesmart.org/web/modules/room.js:37:29)
    at close (/data/wwwroot/wss.onesmart.org/web/modules/listen.js:29:8)
    at WebSocket.ws.on (/data/wwwroot/wss.onesmart.org/web/modules/mq.js:25:5)
    at emitTwo (events.js:130:20)
    at WebSocket.emit (events.js:213:7)
    at WebSocket.emitClose (/data/wwwroot/wss.onesmart.org/web/node_modules/ws/lib/WebSocket.js:211:10)
    at _receiver.cleanup (/data/wwwroot/wss.onesmart.org/web/node_modules/ws/lib/WebSocket.js:199:39)
    at Receiver.cleanup (/data/wwwroot/wss.onesmart.org/web/node_modules/ws/lib/Receiver.js:520:15)
[2018-05-19T22:41:11.146] [INFO] default - Error: not opened
    at WebSocket.send (/data/wwwroot/wss.onesmart.org/web/node_modules/ws/lib/WebSocket.js:360:18)
    at Object.user_quit (/data/wwwroot/wss.onesmart.org/web/modules/OUTmessage.js:55:34)
    at Object.quit (/data/wwwroot/wss.onesmart.org/web/modules/room.js:37:29)
    at close (/data/wwwroot/wss.onesmart.org/web/modules/listen.js:29:8)
    at WebSocket.ws.on (/data/wwwroot/wss.onesmart.org/web/modules/mq.js:25:5)
    at emitTwo (events.js:130:20)
    at WebSocket.emit (events.js:213:7)
    at WebSocket.emitClose (/data/wwwroot/wss.onesmart.org/web/node_modules/ws/lib/WebSocket.js:211:10)
    at _receiver.cleanup (/data/wwwroot/wss.onesmart.org/web/node_modules/ws/lib/WebSocket.js:199:39)
    at Receiver.cleanup (/data/wwwroot/wss.onesmart.org/web/node_modules/ws/lib/Receiver.js:520:15)
