[2018-07-12T20:46:47.812] [INFO] default - TypeError: Cannot read property 'members' of undefined
    at Object.handle (/data/wwwroot/wss.onesmart.org/web/modules/INmessage.js:52:39)
    at WebSocket.incoming (/data/wwwroot/wss.onesmart.org/web/app.js:22:19)
    at emitOne (events.js:115:13)
    at WebSocket.emit (events.js:210:7)
    at Receiver._receiver.onmessage (/data/wwwroot/wss.onesmart.org/web/node_modules/ws/lib/WebSocket.js:141:47)
    at Receiver.dataMessage (/data/wwwroot/wss.onesmart.org/web/node_modules/ws/lib/Receiver.js:389:14)
    at Receiver.getData (/data/wwwroot/wss.onesmart.org/web/node_modules/ws/lib/Receiver.js:330:12)
    at Receiver.startLoop (/data/wwwroot/wss.onesmart.org/web/node_modules/ws/lib/Receiver.js:165:16)
    at Receiver.add (/data/wwwroot/wss.onesmart.org/web/node_modules/ws/lib/Receiver.js:139:10)
    at Socket._ultron.on (/data/wwwroot/wss.onesmart.org/web/node_modules/ws/lib/WebSocket.js:138:22)
[2018-07-12T20:46:47.818] [INFO] default - TypeError: Cannot read property 'members' of undefined
    at Object.handle (/data/wwwroot/wss.onesmart.org/web/modules/INmessage.js:52:39)
    at WebSocket.incoming (/data/wwwroot/wss.onesmart.org/web/app.js:22:19)
    at emitOne (events.js:115:13)
    at WebSocket.emit (events.js:210:7)
    at Receiver._receiver.onmessage (/data/wwwroot/wss.onesmart.org/web/node_modules/ws/lib/WebSocket.js:141:47)
    at Receiver.dataMessage (/data/wwwroot/wss.onesmart.org/web/node_modules/ws/lib/Receiver.js:389:14)
    at Receiver.getData (/data/wwwroot/wss.onesmart.org/web/node_modules/ws/lib/Receiver.js:330:12)
    at Receiver.startLoop (/data/wwwroot/wss.onesmart.org/web/node_modules/ws/lib/Receiver.js:165:16)
    at Receiver.add (/data/wwwroot/wss.onesmart.org/web/node_modules/ws/lib/Receiver.js:139:10)
    at Socket._ultron.on (/data/wwwroot/wss.onesmart.org/web/node_modules/ws/lib/WebSocket.js:138:22)
[2018-07-12T20:46:53.999] [INFO] default - SyntaxError: Unexpected token v in JSON at position 0
    at JSON.parse (<anonymous>)
    at WebSocket.incoming (/data/wwwroot/wss.onesmart.org/web/app.js:22:31)
    at emitOne (events.js:115:13)
    at WebSocket.emit (events.js:210:7)
    at Receiver._receiver.onmessage (/data/wwwroot/wss.onesmart.org/web/node_modules/ws/lib/WebSocket.js:141:47)
    at Receiver.dataMessage (/data/wwwroot/wss.onesmart.org/web/node_modules/ws/lib/Receiver.js:389:14)
    at Receiver.getData (/data/wwwroot/wss.onesmart.org/web/node_modules/ws/lib/Receiver.js:330:12)
    at Receiver.startLoop (/data/wwwroot/wss.onesmart.org/web/node_modules/ws/lib/Receiver.js:165:16)
    at Receiver.add (/data/wwwroot/wss.onesmart.org/web/node_modules/ws/lib/Receiver.js:139:10)
    at Socket._ultron.on (/data/wwwroot/wss.onesmart.org/web/node_modules/ws/lib/WebSocket.js:138:22)
[2018-07-12T20:46:53.999] [INFO] default - SyntaxError: Unexpected token v in JSON at position 0
    at JSON.parse (<anonymous>)
    at WebSocket.incoming (/data/wwwroot/wss.onesmart.org/web/app.js:22:31)
    at emitOne (events.js:115:13)
    at WebSocket.emit (events.js:210:7)
    at Receiver._receiver.onmessage (/data/wwwroot/wss.onesmart.org/web/node_modules/ws/lib/WebSocket.js:141:47)
    at Receiver.dataMessage (/data/wwwroot/wss.onesmart.org/web/node_modules/ws/lib/Receiver.js:389:14)
    at Receiver.getData (/data/wwwroot/wss.onesmart.org/web/node_modules/ws/lib/Receiver.js:330:12)
    at Receiver.startLoop (/data/wwwroot/wss.onesmart.org/web/node_modules/ws/lib/Receiver.js:165:16)
    at Receiver.add (/data/wwwroot/wss.onesmart.org/web/node_modules/ws/lib/Receiver.js:139:10)
    at Socket._ultron.on (/data/wwwroot/wss.onesmart.org/web/node_modules/ws/lib/WebSocket.js:138:22)
[2018-07-12T20:47:13.184] [INFO] default - TypeError: Cannot read property 'members' of undefined
    at Object.handle (/data/wwwroot/wss.onesmart.org/web/modules/INmessage.js:52:39)
    at WebSocket.incoming (/data/wwwroot/wss.onesmart.org/web/app.js:22:19)
    at emitOne (events.js:115:13)
    at WebSocket.emit (events.js:210:7)
    at Receiver._receiver.onmessage (/data/wwwroot/wss.onesmart.org/web/node_modules/ws/lib/WebSocket.js:141:47)
    at Receiver.dataMessage (/data/wwwroot/wss.onesmart.org/web/node_modules/ws/lib/Receiver.js:389:14)
    at Receiver.getData (/data/wwwroot/wss.onesmart.org/web/node_modules/ws/lib/Receiver.js:330:12)
    at Receiver.startLoop (/data/wwwroot/wss.onesmart.org/web/node_modules/ws/lib/Receiver.js:165:16)
    at Receiver.add (/data/wwwroot/wss.onesmart.org/web/node_modules/ws/lib/Receiver.js:139:10)
    at Socket._ultron.on (/data/wwwroot/wss.onesmart.org/web/node_modules/ws/lib/WebSocket.js:138:22)
[2018-07-12T20:47:13.185] [INFO] default - TypeError: Cannot read property 'members' of undefined
    at Object.handle (/data/wwwroot/wss.onesmart.org/web/modules/INmessage.js:52:39)
    at WebSocket.incoming (/data/wwwroot/wss.onesmart.org/web/app.js:22:19)
    at emitOne (events.js:115:13)
    at WebSocket.emit (events.js:210:7)
    at Receiver._receiver.onmessage (/data/wwwroot/wss.onesmart.org/web/node_modules/ws/lib/WebSocket.js:141:47)
    at Receiver.dataMessage (/data/wwwroot/wss.onesmart.org/web/node_modules/ws/lib/Receiver.js:389:14)
    at Receiver.getData (/data/wwwroot/wss.onesmart.org/web/node_modules/ws/lib/Receiver.js:330:12)
    at Receiver.startLoop (/data/wwwroot/wss.onesmart.org/web/node_modules/ws/lib/Receiver.js:165:16)
    at Receiver.add (/data/wwwroot/wss.onesmart.org/web/node_modules/ws/lib/Receiver.js:139:10)
    at Socket._ultron.on (/data/wwwroot/wss.onesmart.org/web/node_modules/ws/lib/WebSocket.js:138:22)
[2018-07-12T20:47:25.194] [INFO] default - SyntaxError: Unexpected token c in JSON at position 0
    at JSON.parse (<anonymous>)
    at WebSocket.incoming (/data/wwwroot/wss.onesmart.org/web/app.js:22:31)
    at emitOne (events.js:115:13)
    at WebSocket.emit (events.js:210:7)
    at Receiver._receiver.onmessage (/data/wwwroot/wss.onesmart.org/web/node_modules/ws/lib/WebSocket.js:141:47)
    at Receiver.dataMessage (/data/wwwroot/wss.onesmart.org/web/node_modules/ws/lib/Receiver.js:389:14)
    at Receiver.getData (/data/wwwroot/wss.onesmart.org/web/node_modules/ws/lib/Receiver.js:330:12)
    at Receiver.startLoop (/data/wwwroot/wss.onesmart.org/web/node_modules/ws/lib/Receiver.js:165:16)
    at Receiver.add (/data/wwwroot/wss.onesmart.org/web/node_modules/ws/lib/Receiver.js:139:10)
    at Socket._ultron.on (/data/wwwroot/wss.onesmart.org/web/node_modules/ws/lib/WebSocket.js:138:22)
[2018-07-12T20:47:25.194] [INFO] default - SyntaxError: Unexpected token c in JSON at position 0
    at JSON.parse (<anonymous>)
    at WebSocket.incoming (/data/wwwroot/wss.onesmart.org/web/app.js:22:31)
    at emitOne (events.js:115:13)
    at WebSocket.emit (events.js:210:7)
    at Receiver._receiver.onmessage (/data/wwwroot/wss.onesmart.org/web/node_modules/ws/lib/WebSocket.js:141:47)
    at Receiver.dataMessage (/data/wwwroot/wss.onesmart.org/web/node_modules/ws/lib/Receiver.js:389:14)
    at Receiver.getData (/data/wwwroot/wss.onesmart.org/web/node_modules/ws/lib/Receiver.js:330:12)
    at Receiver.startLoop (/data/wwwroot/wss.onesmart.org/web/node_modules/ws/lib/Receiver.js:165:16)
    at Receiver.add (/data/wwwroot/wss.onesmart.org/web/node_modules/ws/lib/Receiver.js:139:10)
    at Socket._ultron.on (/data/wwwroot/wss.onesmart.org/web/node_modules/ws/lib/WebSocket.js:138:22)
[2018-07-12T20:47:42.762] [INFO] default - SyntaxError: Unexpected token W in JSON at position 0
    at JSON.parse (<anonymous>)
    at WebSocket.incoming (/data/wwwroot/wss.onesmart.org/web/app.js:22:31)
    at emitOne (events.js:115:13)
    at WebSocket.emit (events.js:210:7)
    at Receiver._receiver.onmessage (/data/wwwroot/wss.onesmart.org/web/node_modules/ws/lib/WebSocket.js:141:47)
    at Receiver.dataMessage (/data/wwwroot/wss.onesmart.org/web/node_modules/ws/lib/Receiver.js:389:14)
    at Receiver.getData (/data/wwwroot/wss.onesmart.org/web/node_modules/ws/lib/Receiver.js:330:12)
    at Receiver.startLoop (/data/wwwroot/wss.onesmart.org/web/node_modules/ws/lib/Receiver.js:165:16)
    at Receiver.add (/data/wwwroot/wss.onesmart.org/web/node_modules/ws/lib/Receiver.js:139:10)
    at Socket._ultron.on (/data/wwwroot/wss.onesmart.org/web/node_modules/ws/lib/WebSocket.js:138:22)
[2018-07-12T20:47:42.763] [INFO] default - SyntaxError: Unexpected token W in JSON at position 0
    at JSON.parse (<anonymous>)
    at WebSocket.incoming (/data/wwwroot/wss.onesmart.org/web/app.js:22:31)
    at emitOne (events.js:115:13)
    at WebSocket.emit (events.js:210:7)
    at Receiver._receiver.onmessage (/data/wwwroot/wss.onesmart.org/web/node_modules/ws/lib/WebSocket.js:141:47)
    at Receiver.dataMessage (/data/wwwroot/wss.onesmart.org/web/node_modules/ws/lib/Receiver.js:389:14)
    at Receiver.getData (/data/wwwroot/wss.onesmart.org/web/node_modules/ws/lib/Receiver.js:330:12)
    at Receiver.startLoop (/data/wwwroot/wss.onesmart.org/web/node_modules/ws/lib/Receiver.js:165:16)
    at Receiver.add (/data/wwwroot/wss.onesmart.org/web/node_modules/ws/lib/Receiver.js:139:10)
    at Socket._ultron.on (/data/wwwroot/wss.onesmart.org/web/node_modules/ws/lib/WebSocket.js:138:22)
