[2018-04-20T12:22:54.172] [INFO] default - TypeError: Cannot read property 'indexOf' of undefined
    at Object.add (/data/wwwroot/wss.onesmart.org/web/modules/mq.js:15:52)
    at WebSocketServer.connection (/data/wwwroot/wss.onesmart.org/web/app.js:17:8)
    at emitTwo (events.js:125:13)
    at WebSocketServer.emit (events.js:213:7)
    at handleUpgrade (/data/wwwroot/wss.onesmart.org/web/node_modules/ws/lib/WebSocketServer.js:87:16)
    at WebSocketServer.completeUpgrade (/data/wwwroot/wss.onesmart.org/web/node_modules/ws/lib/WebSocketServer.js:288:5)
    at WebSocketServer.handleUpgrade (/data/wwwroot/wss.onesmart.org/web/node_modules/ws/lib/WebSocketServer.js:227:10)
    at Server.WebSocketServer._ultron.on (/data/wwwroot/wss.onesmart.org/web/node_modules/ws/lib/WebSocketServer.js:86:14)
    at emitThree (events.js:135:13)
    at Server.emit (events.js:216:7)
[2018-04-20T12:22:54.180] [INFO] default - TypeError: Cannot read property 'indexOf' of undefined
    at Object.add (/data/wwwroot/wss.onesmart.org/web/modules/mq.js:15:52)
    at WebSocketServer.connection (/data/wwwroot/wss.onesmart.org/web/app.js:17:8)
    at emitTwo (events.js:125:13)
    at WebSocketServer.emit (events.js:213:7)
    at handleUpgrade (/data/wwwroot/wss.onesmart.org/web/node_modules/ws/lib/WebSocketServer.js:87:16)
    at WebSocketServer.completeUpgrade (/data/wwwroot/wss.onesmart.org/web/node_modules/ws/lib/WebSocketServer.js:288:5)
    at WebSocketServer.handleUpgrade (/data/wwwroot/wss.onesmart.org/web/node_modules/ws/lib/WebSocketServer.js:227:10)
    at Server.WebSocketServer._ultron.on (/data/wwwroot/wss.onesmart.org/web/node_modules/ws/lib/WebSocketServer.js:86:14)
    at emitThree (events.js:135:13)
    at Server.emit (events.js:216:7)
[2018-04-20T12:23:29.739] [INFO] default - { Error: read ECONNRESET
    at exports._errnoException (util.js:1026:11)
    at TCP.onread (net.js:607:25) code: 'ECONNRESET', errno: 'ECONNRESET', syscall: 'read' }
[2018-04-20T12:23:29.740] [INFO] default - Error: read ECONNRESET
    at exports._errnoException (util.js:1026:11)
    at TCP.onread (net.js:607:25)
[2018-04-20T12:45:31.060] [INFO] default - TypeError: Cannot read property 'indexOf' of undefined
    at Object.add (/data/wwwroot/wss.onesmart.org/web/modules/mq.js:15:52)
    at WebSocketServer.connection (/data/wwwroot/wss.onesmart.org/web/app.js:17:8)
    at emitTwo (events.js:125:13)
    at WebSocketServer.emit (events.js:213:7)
    at handleUpgrade (/data/wwwroot/wss.onesmart.org/web/node_modules/ws/lib/WebSocketServer.js:87:16)
    at WebSocketServer.completeUpgrade (/data/wwwroot/wss.onesmart.org/web/node_modules/ws/lib/WebSocketServer.js:288:5)
    at WebSocketServer.handleUpgrade (/data/wwwroot/wss.onesmart.org/web/node_modules/ws/lib/WebSocketServer.js:227:10)
    at Server.WebSocketServer._ultron.on (/data/wwwroot/wss.onesmart.org/web/node_modules/ws/lib/WebSocketServer.js:86:14)
    at emitThree (events.js:135:13)
    at Server.emit (events.js:216:7)
[2018-04-20T12:45:31.060] [INFO] default - TypeError: Cannot read property 'indexOf' of undefined
    at Object.add (/data/wwwroot/wss.onesmart.org/web/modules/mq.js:15:52)
    at WebSocketServer.connection (/data/wwwroot/wss.onesmart.org/web/app.js:17:8)
    at emitTwo (events.js:125:13)
    at WebSocketServer.emit (events.js:213:7)
    at handleUpgrade (/data/wwwroot/wss.onesmart.org/web/node_modules/ws/lib/WebSocketServer.js:87:16)
    at WebSocketServer.completeUpgrade (/data/wwwroot/wss.onesmart.org/web/node_modules/ws/lib/WebSocketServer.js:288:5)
    at WebSocketServer.handleUpgrade (/data/wwwroot/wss.onesmart.org/web/node_modules/ws/lib/WebSocketServer.js:227:10)
    at Server.WebSocketServer._ultron.on (/data/wwwroot/wss.onesmart.org/web/node_modules/ws/lib/WebSocketServer.js:86:14)
    at emitThree (events.js:135:13)
    at Server.emit (events.js:216:7)
[2018-04-20T12:50:18.078] [INFO] default - TypeError: Cannot read property 'indexOf' of undefined
    at Object.add (/data/wwwroot/wss.onesmart.org/web/modules/mq.js:15:52)
    at WebSocketServer.connection (/data/wwwroot/wss.onesmart.org/web/app.js:17:8)
    at emitTwo (events.js:125:13)
    at WebSocketServer.emit (events.js:213:7)
    at handleUpgrade (/data/wwwroot/wss.onesmart.org/web/node_modules/ws/lib/WebSocketServer.js:87:16)
    at WebSocketServer.completeUpgrade (/data/wwwroot/wss.onesmart.org/web/node_modules/ws/lib/WebSocketServer.js:288:5)
    at WebSocketServer.handleUpgrade (/data/wwwroot/wss.onesmart.org/web/node_modules/ws/lib/WebSocketServer.js:227:10)
    at Server.WebSocketServer._ultron.on (/data/wwwroot/wss.onesmart.org/web/node_modules/ws/lib/WebSocketServer.js:86:14)
    at emitThree (events.js:135:13)
    at Server.emit (events.js:216:7)
[2018-04-20T12:50:18.078] [INFO] default - TypeError: Cannot read property 'indexOf' of undefined
    at Object.add (/data/wwwroot/wss.onesmart.org/web/modules/mq.js:15:52)
    at WebSocketServer.connection (/data/wwwroot/wss.onesmart.org/web/app.js:17:8)
    at emitTwo (events.js:125:13)
    at WebSocketServer.emit (events.js:213:7)
    at handleUpgrade (/data/wwwroot/wss.onesmart.org/web/node_modules/ws/lib/WebSocketServer.js:87:16)
    at WebSocketServer.completeUpgrade (/data/wwwroot/wss.onesmart.org/web/node_modules/ws/lib/WebSocketServer.js:288:5)
    at WebSocketServer.handleUpgrade (/data/wwwroot/wss.onesmart.org/web/node_modules/ws/lib/WebSocketServer.js:227:10)
    at Server.WebSocketServer._ultron.on (/data/wwwroot/wss.onesmart.org/web/node_modules/ws/lib/WebSocketServer.js:86:14)
    at emitThree (events.js:135:13)
    at Server.emit (events.js:216:7)
[2018-04-20T12:51:01.978] [INFO] default - TypeError: Cannot read property 'indexOf' of undefined
    at Object.add (/data/wwwroot/wss.onesmart.org/web/modules/mq.js:15:52)
    at WebSocketServer.connection (/data/wwwroot/wss.onesmart.org/web/app.js:17:8)
    at emitTwo (events.js:125:13)
    at WebSocketServer.emit (events.js:213:7)
    at handleUpgrade (/data/wwwroot/wss.onesmart.org/web/node_modules/ws/lib/WebSocketServer.js:87:16)
    at WebSocketServer.completeUpgrade (/data/wwwroot/wss.onesmart.org/web/node_modules/ws/lib/WebSocketServer.js:288:5)
    at WebSocketServer.handleUpgrade (/data/wwwroot/wss.onesmart.org/web/node_modules/ws/lib/WebSocketServer.js:227:10)
    at Server.WebSocketServer._ultron.on (/data/wwwroot/wss.onesmart.org/web/node_modules/ws/lib/WebSocketServer.js:86:14)
    at emitThree (events.js:135:13)
    at Server.emit (events.js:216:7)
[2018-04-20T12:51:01.979] [INFO] default - TypeError: Cannot read property 'indexOf' of undefined
    at Object.add (/data/wwwroot/wss.onesmart.org/web/modules/mq.js:15:52)
    at WebSocketServer.connection (/data/wwwroot/wss.onesmart.org/web/app.js:17:8)
    at emitTwo (events.js:125:13)
    at WebSocketServer.emit (events.js:213:7)
    at handleUpgrade (/data/wwwroot/wss.onesmart.org/web/node_modules/ws/lib/WebSocketServer.js:87:16)
    at WebSocketServer.completeUpgrade (/data/wwwroot/wss.onesmart.org/web/node_modules/ws/lib/WebSocketServer.js:288:5)
    at WebSocketServer.handleUpgrade (/data/wwwroot/wss.onesmart.org/web/node_modules/ws/lib/WebSocketServer.js:227:10)
    at Server.WebSocketServer._ultron.on (/data/wwwroot/wss.onesmart.org/web/node_modules/ws/lib/WebSocketServer.js:86:14)
    at emitThree (events.js:135:13)
    at Server.emit (events.js:216:7)
[2018-04-20T12:51:25.029] [INFO] default - TypeError: Cannot read property 'indexOf' of undefined
    at Object.add (/data/wwwroot/wss.onesmart.org/web/modules/mq.js:15:52)
    at WebSocketServer.connection (/data/wwwroot/wss.onesmart.org/web/app.js:17:8)
    at emitTwo (events.js:125:13)
    at WebSocketServer.emit (events.js:213:7)
    at handleUpgrade (/data/wwwroot/wss.onesmart.org/web/node_modules/ws/lib/WebSocketServer.js:87:16)
    at WebSocketServer.completeUpgrade (/data/wwwroot/wss.onesmart.org/web/node_modules/ws/lib/WebSocketServer.js:288:5)
    at WebSocketServer.handleUpgrade (/data/wwwroot/wss.onesmart.org/web/node_modules/ws/lib/WebSocketServer.js:227:10)
    at Server.WebSocketServer._ultron.on (/data/wwwroot/wss.onesmart.org/web/node_modules/ws/lib/WebSocketServer.js:86:14)
    at emitThree (events.js:135:13)
    at Server.emit (events.js:216:7)
[2018-04-20T12:51:25.029] [INFO] default - TypeError: Cannot read property 'indexOf' of undefined
    at Object.add (/data/wwwroot/wss.onesmart.org/web/modules/mq.js:15:52)
    at WebSocketServer.connection (/data/wwwroot/wss.onesmart.org/web/app.js:17:8)
    at emitTwo (events.js:125:13)
    at WebSocketServer.emit (events.js:213:7)
    at handleUpgrade (/data/wwwroot/wss.onesmart.org/web/node_modules/ws/lib/WebSocketServer.js:87:16)
    at WebSocketServer.completeUpgrade (/data/wwwroot/wss.onesmart.org/web/node_modules/ws/lib/WebSocketServer.js:288:5)
    at WebSocketServer.handleUpgrade (/data/wwwroot/wss.onesmart.org/web/node_modules/ws/lib/WebSocketServer.js:227:10)
    at Server.WebSocketServer._ultron.on (/data/wwwroot/wss.onesmart.org/web/node_modules/ws/lib/WebSocketServer.js:86:14)
    at emitThree (events.js:135:13)
    at Server.emit (events.js:216:7)
[2018-04-20T12:52:04.240] [INFO] default - TypeError: Cannot read property 'indexOf' of undefined
    at Object.add (/data/wwwroot/wss.onesmart.org/web/modules/mq.js:15:52)
    at WebSocketServer.connection (/data/wwwroot/wss.onesmart.org/web/app.js:17:8)
    at emitTwo (events.js:125:13)
    at WebSocketServer.emit (events.js:213:7)
    at handleUpgrade (/data/wwwroot/wss.onesmart.org/web/node_modules/ws/lib/WebSocketServer.js:87:16)
    at WebSocketServer.completeUpgrade (/data/wwwroot/wss.onesmart.org/web/node_modules/ws/lib/WebSocketServer.js:288:5)
    at WebSocketServer.handleUpgrade (/data/wwwroot/wss.onesmart.org/web/node_modules/ws/lib/WebSocketServer.js:227:10)
    at Server.WebSocketServer._ultron.on (/data/wwwroot/wss.onesmart.org/web/node_modules/ws/lib/WebSocketServer.js:86:14)
    at emitThree (events.js:135:13)
    at Server.emit (events.js:216:7)
[2018-04-20T12:52:04.241] [INFO] default - TypeError: Cannot read property 'indexOf' of undefined
    at Object.add (/data/wwwroot/wss.onesmart.org/web/modules/mq.js:15:52)
    at WebSocketServer.connection (/data/wwwroot/wss.onesmart.org/web/app.js:17:8)
    at emitTwo (events.js:125:13)
    at WebSocketServer.emit (events.js:213:7)
    at handleUpgrade (/data/wwwroot/wss.onesmart.org/web/node_modules/ws/lib/WebSocketServer.js:87:16)
    at WebSocketServer.completeUpgrade (/data/wwwroot/wss.onesmart.org/web/node_modules/ws/lib/WebSocketServer.js:288:5)
    at WebSocketServer.handleUpgrade (/data/wwwroot/wss.onesmart.org/web/node_modules/ws/lib/WebSocketServer.js:227:10)
    at Server.WebSocketServer._ultron.on (/data/wwwroot/wss.onesmart.org/web/node_modules/ws/lib/WebSocketServer.js:86:14)
    at emitThree (events.js:135:13)
    at Server.emit (events.js:216:7)
[2018-04-20T12:52:28.832] [INFO] default - TypeError: Cannot read property 'indexOf' of undefined
    at Object.add (/data/wwwroot/wss.onesmart.org/web/modules/mq.js:15:52)
    at WebSocketServer.connection (/data/wwwroot/wss.onesmart.org/web/app.js:17:8)
    at emitTwo (events.js:125:13)
    at WebSocketServer.emit (events.js:213:7)
    at handleUpgrade (/data/wwwroot/wss.onesmart.org/web/node_modules/ws/lib/WebSocketServer.js:87:16)
    at WebSocketServer.completeUpgrade (/data/wwwroot/wss.onesmart.org/web/node_modules/ws/lib/WebSocketServer.js:288:5)
    at WebSocketServer.handleUpgrade (/data/wwwroot/wss.onesmart.org/web/node_modules/ws/lib/WebSocketServer.js:227:10)
    at Server.WebSocketServer._ultron.on (/data/wwwroot/wss.onesmart.org/web/node_modules/ws/lib/WebSocketServer.js:86:14)
    at emitThree (events.js:135:13)
    at Server.emit (events.js:216:7)
[2018-04-20T12:52:28.833] [INFO] default - TypeError: Cannot read property 'indexOf' of undefined
    at Object.add (/data/wwwroot/wss.onesmart.org/web/modules/mq.js:15:52)
    at WebSocketServer.connection (/data/wwwroot/wss.onesmart.org/web/app.js:17:8)
    at emitTwo (events.js:125:13)
    at WebSocketServer.emit (events.js:213:7)
    at handleUpgrade (/data/wwwroot/wss.onesmart.org/web/node_modules/ws/lib/WebSocketServer.js:87:16)
    at WebSocketServer.completeUpgrade (/data/wwwroot/wss.onesmart.org/web/node_modules/ws/lib/WebSocketServer.js:288:5)
    at WebSocketServer.handleUpgrade (/data/wwwroot/wss.onesmart.org/web/node_modules/ws/lib/WebSocketServer.js:227:10)
    at Server.WebSocketServer._ultron.on (/data/wwwroot/wss.onesmart.org/web/node_modules/ws/lib/WebSocketServer.js:86:14)
    at emitThree (events.js:135:13)
    at Server.emit (events.js:216:7)
[2018-04-20T12:53:34.966] [INFO] default - TypeError: Cannot read property 'indexOf' of undefined
    at Object.add (/data/wwwroot/wss.onesmart.org/web/modules/mq.js:15:52)
    at WebSocketServer.connection (/data/wwwroot/wss.onesmart.org/web/app.js:17:8)
    at emitTwo (events.js:125:13)
    at WebSocketServer.emit (events.js:213:7)
    at handleUpgrade (/data/wwwroot/wss.onesmart.org/web/node_modules/ws/lib/WebSocketServer.js:87:16)
    at WebSocketServer.completeUpgrade (/data/wwwroot/wss.onesmart.org/web/node_modules/ws/lib/WebSocketServer.js:288:5)
    at WebSocketServer.handleUpgrade (/data/wwwroot/wss.onesmart.org/web/node_modules/ws/lib/WebSocketServer.js:227:10)
    at Server.WebSocketServer._ultron.on (/data/wwwroot/wss.onesmart.org/web/node_modules/ws/lib/WebSocketServer.js:86:14)
    at emitThree (events.js:135:13)
    at Server.emit (events.js:216:7)
[2018-04-20T12:53:34.966] [INFO] default - TypeError: Cannot read property 'indexOf' of undefined
    at Object.add (/data/wwwroot/wss.onesmart.org/web/modules/mq.js:15:52)
    at WebSocketServer.connection (/data/wwwroot/wss.onesmart.org/web/app.js:17:8)
    at emitTwo (events.js:125:13)
    at WebSocketServer.emit (events.js:213:7)
    at handleUpgrade (/data/wwwroot/wss.onesmart.org/web/node_modules/ws/lib/WebSocketServer.js:87:16)
    at WebSocketServer.completeUpgrade (/data/wwwroot/wss.onesmart.org/web/node_modules/ws/lib/WebSocketServer.js:288:5)
    at WebSocketServer.handleUpgrade (/data/wwwroot/wss.onesmart.org/web/node_modules/ws/lib/WebSocketServer.js:227:10)
    at Server.WebSocketServer._ultron.on (/data/wwwroot/wss.onesmart.org/web/node_modules/ws/lib/WebSocketServer.js:86:14)
    at emitThree (events.js:135:13)
    at Server.emit (events.js:216:7)
[2018-04-20T12:53:52.148] [INFO] default - TypeError: Cannot read property 'indexOf' of undefined
    at Object.add (/data/wwwroot/wss.onesmart.org/web/modules/mq.js:15:52)
    at WebSocketServer.connection (/data/wwwroot/wss.onesmart.org/web/app.js:17:8)
    at emitTwo (events.js:125:13)
    at WebSocketServer.emit (events.js:213:7)
    at handleUpgrade (/data/wwwroot/wss.onesmart.org/web/node_modules/ws/lib/WebSocketServer.js:87:16)
    at WebSocketServer.completeUpgrade (/data/wwwroot/wss.onesmart.org/web/node_modules/ws/lib/WebSocketServer.js:288:5)
    at WebSocketServer.handleUpgrade (/data/wwwroot/wss.onesmart.org/web/node_modules/ws/lib/WebSocketServer.js:227:10)
    at Server.WebSocketServer._ultron.on (/data/wwwroot/wss.onesmart.org/web/node_modules/ws/lib/WebSocketServer.js:86:14)
    at emitThree (events.js:135:13)
    at Server.emit (events.js:216:7)
[2018-04-20T12:53:52.149] [INFO] default - TypeError: Cannot read property 'indexOf' of undefined
    at Object.add (/data/wwwroot/wss.onesmart.org/web/modules/mq.js:15:52)
    at WebSocketServer.connection (/data/wwwroot/wss.onesmart.org/web/app.js:17:8)
    at emitTwo (events.js:125:13)
    at WebSocketServer.emit (events.js:213:7)
    at handleUpgrade (/data/wwwroot/wss.onesmart.org/web/node_modules/ws/lib/WebSocketServer.js:87:16)
    at WebSocketServer.completeUpgrade (/data/wwwroot/wss.onesmart.org/web/node_modules/ws/lib/WebSocketServer.js:288:5)
    at WebSocketServer.handleUpgrade (/data/wwwroot/wss.onesmart.org/web/node_modules/ws/lib/WebSocketServer.js:227:10)
    at Server.WebSocketServer._ultron.on (/data/wwwroot/wss.onesmart.org/web/node_modules/ws/lib/WebSocketServer.js:86:14)
    at emitThree (events.js:135:13)
    at Server.emit (events.js:216:7)
[2018-04-20T12:54:18.558] [INFO] default - TypeError: Cannot read property 'indexOf' of undefined
    at Object.add (/data/wwwroot/wss.onesmart.org/web/modules/mq.js:15:52)
    at WebSocketServer.connection (/data/wwwroot/wss.onesmart.org/web/app.js:17:8)
    at emitTwo (events.js:125:13)
    at WebSocketServer.emit (events.js:213:7)
    at handleUpgrade (/data/wwwroot/wss.onesmart.org/web/node_modules/ws/lib/WebSocketServer.js:87:16)
    at WebSocketServer.completeUpgrade (/data/wwwroot/wss.onesmart.org/web/node_modules/ws/lib/WebSocketServer.js:288:5)
    at WebSocketServer.handleUpgrade (/data/wwwroot/wss.onesmart.org/web/node_modules/ws/lib/WebSocketServer.js:227:10)
    at Server.WebSocketServer._ultron.on (/data/wwwroot/wss.onesmart.org/web/node_modules/ws/lib/WebSocketServer.js:86:14)
    at emitThree (events.js:135:13)
    at Server.emit (events.js:216:7)
[2018-04-20T12:54:18.559] [INFO] default - TypeError: Cannot read property 'indexOf' of undefined
    at Object.add (/data/wwwroot/wss.onesmart.org/web/modules/mq.js:15:52)
    at WebSocketServer.connection (/data/wwwroot/wss.onesmart.org/web/app.js:17:8)
    at emitTwo (events.js:125:13)
    at WebSocketServer.emit (events.js:213:7)
    at handleUpgrade (/data/wwwroot/wss.onesmart.org/web/node_modules/ws/lib/WebSocketServer.js:87:16)
    at WebSocketServer.completeUpgrade (/data/wwwroot/wss.onesmart.org/web/node_modules/ws/lib/WebSocketServer.js:288:5)
    at WebSocketServer.handleUpgrade (/data/wwwroot/wss.onesmart.org/web/node_modules/ws/lib/WebSocketServer.js:227:10)
    at Server.WebSocketServer._ultron.on (/data/wwwroot/wss.onesmart.org/web/node_modules/ws/lib/WebSocketServer.js:86:14)
    at emitThree (events.js:135:13)
    at Server.emit (events.js:216:7)
[2018-04-20T12:54:46.398] [INFO] default - TypeError: Cannot read property 'indexOf' of undefined
    at Object.add (/data/wwwroot/wss.onesmart.org/web/modules/mq.js:15:52)
    at WebSocketServer.connection (/data/wwwroot/wss.onesmart.org/web/app.js:17:8)
    at emitTwo (events.js:125:13)
    at WebSocketServer.emit (events.js:213:7)
    at handleUpgrade (/data/wwwroot/wss.onesmart.org/web/node_modules/ws/lib/WebSocketServer.js:87:16)
    at WebSocketServer.completeUpgrade (/data/wwwroot/wss.onesmart.org/web/node_modules/ws/lib/WebSocketServer.js:288:5)
    at WebSocketServer.handleUpgrade (/data/wwwroot/wss.onesmart.org/web/node_modules/ws/lib/WebSocketServer.js:227:10)
    at Server.WebSocketServer._ultron.on (/data/wwwroot/wss.onesmart.org/web/node_modules/ws/lib/WebSocketServer.js:86:14)
    at emitThree (events.js:135:13)
    at Server.emit (events.js:216:7)
[2018-04-20T12:54:46.404] [INFO] default - TypeError: Cannot read property 'indexOf' of undefined
    at Object.add (/data/wwwroot/wss.onesmart.org/web/modules/mq.js:15:52)
    at WebSocketServer.connection (/data/wwwroot/wss.onesmart.org/web/app.js:17:8)
    at emitTwo (events.js:125:13)
    at WebSocketServer.emit (events.js:213:7)
    at handleUpgrade (/data/wwwroot/wss.onesmart.org/web/node_modules/ws/lib/WebSocketServer.js:87:16)
    at WebSocketServer.completeUpgrade (/data/wwwroot/wss.onesmart.org/web/node_modules/ws/lib/WebSocketServer.js:288:5)
    at WebSocketServer.handleUpgrade (/data/wwwroot/wss.onesmart.org/web/node_modules/ws/lib/WebSocketServer.js:227:10)
    at Server.WebSocketServer._ultron.on (/data/wwwroot/wss.onesmart.org/web/node_modules/ws/lib/WebSocketServer.js:86:14)
    at emitThree (events.js:135:13)
    at Server.emit (events.js:216:7)
[2018-04-20T12:55:35.146] [INFO] default - TypeError: Cannot read property 'indexOf' of undefined
    at Object.add (/data/wwwroot/wss.onesmart.org/web/modules/mq.js:15:52)
    at WebSocketServer.connection (/data/wwwroot/wss.onesmart.org/web/app.js:17:8)
    at emitTwo (events.js:125:13)
    at WebSocketServer.emit (events.js:213:7)
    at handleUpgrade (/data/wwwroot/wss.onesmart.org/web/node_modules/ws/lib/WebSocketServer.js:87:16)
    at WebSocketServer.completeUpgrade (/data/wwwroot/wss.onesmart.org/web/node_modules/ws/lib/WebSocketServer.js:288:5)
    at WebSocketServer.handleUpgrade (/data/wwwroot/wss.onesmart.org/web/node_modules/ws/lib/WebSocketServer.js:227:10)
    at Server.WebSocketServer._ultron.on (/data/wwwroot/wss.onesmart.org/web/node_modules/ws/lib/WebSocketServer.js:86:14)
    at emitThree (events.js:135:13)
    at Server.emit (events.js:216:7)
[2018-04-20T12:55:35.147] [INFO] default - TypeError: Cannot read property 'indexOf' of undefined
    at Object.add (/data/wwwroot/wss.onesmart.org/web/modules/mq.js:15:52)
    at WebSocketServer.connection (/data/wwwroot/wss.onesmart.org/web/app.js:17:8)
    at emitTwo (events.js:125:13)
    at WebSocketServer.emit (events.js:213:7)
    at handleUpgrade (/data/wwwroot/wss.onesmart.org/web/node_modules/ws/lib/WebSocketServer.js:87:16)
    at WebSocketServer.completeUpgrade (/data/wwwroot/wss.onesmart.org/web/node_modules/ws/lib/WebSocketServer.js:288:5)
    at WebSocketServer.handleUpgrade (/data/wwwroot/wss.onesmart.org/web/node_modules/ws/lib/WebSocketServer.js:227:10)
    at Server.WebSocketServer._ultron.on (/data/wwwroot/wss.onesmart.org/web/node_modules/ws/lib/WebSocketServer.js:86:14)
    at emitThree (events.js:135:13)
    at Server.emit (events.js:216:7)
[2018-04-20T12:56:23.120] [INFO] default - TypeError: Cannot read property 'indexOf' of undefined
    at Object.add (/data/wwwroot/wss.onesmart.org/web/modules/mq.js:15:52)
    at WebSocketServer.connection (/data/wwwroot/wss.onesmart.org/web/app.js:17:8)
    at emitTwo (events.js:125:13)
    at WebSocketServer.emit (events.js:213:7)
    at handleUpgrade (/data/wwwroot/wss.onesmart.org/web/node_modules/ws/lib/WebSocketServer.js:87:16)
    at WebSocketServer.completeUpgrade (/data/wwwroot/wss.onesmart.org/web/node_modules/ws/lib/WebSocketServer.js:288:5)
    at WebSocketServer.handleUpgrade (/data/wwwroot/wss.onesmart.org/web/node_modules/ws/lib/WebSocketServer.js:227:10)
    at Server.WebSocketServer._ultron.on (/data/wwwroot/wss.onesmart.org/web/node_modules/ws/lib/WebSocketServer.js:86:14)
    at emitThree (events.js:135:13)
    at Server.emit (events.js:216:7)
[2018-04-20T12:56:23.120] [INFO] default - TypeError: Cannot read property 'indexOf' of undefined
    at Object.add (/data/wwwroot/wss.onesmart.org/web/modules/mq.js:15:52)
    at WebSocketServer.connection (/data/wwwroot/wss.onesmart.org/web/app.js:17:8)
    at emitTwo (events.js:125:13)
    at WebSocketServer.emit (events.js:213:7)
    at handleUpgrade (/data/wwwroot/wss.onesmart.org/web/node_modules/ws/lib/WebSocketServer.js:87:16)
    at WebSocketServer.completeUpgrade (/data/wwwroot/wss.onesmart.org/web/node_modules/ws/lib/WebSocketServer.js:288:5)
    at WebSocketServer.handleUpgrade (/data/wwwroot/wss.onesmart.org/web/node_modules/ws/lib/WebSocketServer.js:227:10)
    at Server.WebSocketServer._ultron.on (/data/wwwroot/wss.onesmart.org/web/node_modules/ws/lib/WebSocketServer.js:86:14)
    at emitThree (events.js:135:13)
    at Server.emit (events.js:216:7)
[2018-04-20T12:58:10.855] [INFO] default - TypeError: Cannot read property 'indexOf' of undefined
    at Object.add (/data/wwwroot/wss.onesmart.org/web/modules/mq.js:15:52)
    at WebSocketServer.connection (/data/wwwroot/wss.onesmart.org/web/app.js:17:8)
    at emitTwo (events.js:125:13)
    at WebSocketServer.emit (events.js:213:7)
    at handleUpgrade (/data/wwwroot/wss.onesmart.org/web/node_modules/ws/lib/WebSocketServer.js:87:16)
    at WebSocketServer.completeUpgrade (/data/wwwroot/wss.onesmart.org/web/node_modules/ws/lib/WebSocketServer.js:288:5)
    at WebSocketServer.handleUpgrade (/data/wwwroot/wss.onesmart.org/web/node_modules/ws/lib/WebSocketServer.js:227:10)
    at Server.WebSocketServer._ultron.on (/data/wwwroot/wss.onesmart.org/web/node_modules/ws/lib/WebSocketServer.js:86:14)
    at emitThree (events.js:135:13)
    at Server.emit (events.js:216:7)
[2018-04-20T12:58:10.862] [INFO] default - TypeError: Cannot read property 'indexOf' of undefined
    at Object.add (/data/wwwroot/wss.onesmart.org/web/modules/mq.js:15:52)
    at WebSocketServer.connection (/data/wwwroot/wss.onesmart.org/web/app.js:17:8)
    at emitTwo (events.js:125:13)
    at WebSocketServer.emit (events.js:213:7)
    at handleUpgrade (/data/wwwroot/wss.onesmart.org/web/node_modules/ws/lib/WebSocketServer.js:87:16)
    at WebSocketServer.completeUpgrade (/data/wwwroot/wss.onesmart.org/web/node_modules/ws/lib/WebSocketServer.js:288:5)
    at WebSocketServer.handleUpgrade (/data/wwwroot/wss.onesmart.org/web/node_modules/ws/lib/WebSocketServer.js:227:10)
    at Server.WebSocketServer._ultron.on (/data/wwwroot/wss.onesmart.org/web/node_modules/ws/lib/WebSocketServer.js:86:14)
    at emitThree (events.js:135:13)
    at Server.emit (events.js:216:7)
[2018-04-20T12:58:41.279] [INFO] default - TypeError: Cannot read property 'indexOf' of undefined
    at Object.add (/data/wwwroot/wss.onesmart.org/web/modules/mq.js:15:52)
    at WebSocketServer.connection (/data/wwwroot/wss.onesmart.org/web/app.js:17:8)
    at emitTwo (events.js:125:13)
    at WebSocketServer.emit (events.js:213:7)
    at handleUpgrade (/data/wwwroot/wss.onesmart.org/web/node_modules/ws/lib/WebSocketServer.js:87:16)
    at WebSocketServer.completeUpgrade (/data/wwwroot/wss.onesmart.org/web/node_modules/ws/lib/WebSocketServer.js:288:5)
    at WebSocketServer.handleUpgrade (/data/wwwroot/wss.onesmart.org/web/node_modules/ws/lib/WebSocketServer.js:227:10)
    at Server.WebSocketServer._ultron.on (/data/wwwroot/wss.onesmart.org/web/node_modules/ws/lib/WebSocketServer.js:86:14)
    at emitThree (events.js:135:13)
    at Server.emit (events.js:216:7)
[2018-04-20T12:58:41.279] [INFO] default - TypeError: Cannot read property 'indexOf' of undefined
    at Object.add (/data/wwwroot/wss.onesmart.org/web/modules/mq.js:15:52)
    at WebSocketServer.connection (/data/wwwroot/wss.onesmart.org/web/app.js:17:8)
    at emitTwo (events.js:125:13)
    at WebSocketServer.emit (events.js:213:7)
    at handleUpgrade (/data/wwwroot/wss.onesmart.org/web/node_modules/ws/lib/WebSocketServer.js:87:16)
    at WebSocketServer.completeUpgrade (/data/wwwroot/wss.onesmart.org/web/node_modules/ws/lib/WebSocketServer.js:288:5)
    at WebSocketServer.handleUpgrade (/data/wwwroot/wss.onesmart.org/web/node_modules/ws/lib/WebSocketServer.js:227:10)
    at Server.WebSocketServer._ultron.on (/data/wwwroot/wss.onesmart.org/web/node_modules/ws/lib/WebSocketServer.js:86:14)
    at emitThree (events.js:135:13)
    at Server.emit (events.js:216:7)
[2018-04-20T12:59:10.890] [INFO] default - TypeError: Cannot read property 'indexOf' of undefined
    at Object.add (/data/wwwroot/wss.onesmart.org/web/modules/mq.js:15:52)
    at WebSocketServer.connection (/data/wwwroot/wss.onesmart.org/web/app.js:17:8)
    at emitTwo (events.js:125:13)
    at WebSocketServer.emit (events.js:213:7)
    at handleUpgrade (/data/wwwroot/wss.onesmart.org/web/node_modules/ws/lib/WebSocketServer.js:87:16)
    at WebSocketServer.completeUpgrade (/data/wwwroot/wss.onesmart.org/web/node_modules/ws/lib/WebSocketServer.js:288:5)
    at WebSocketServer.handleUpgrade (/data/wwwroot/wss.onesmart.org/web/node_modules/ws/lib/WebSocketServer.js:227:10)
    at Server.WebSocketServer._ultron.on (/data/wwwroot/wss.onesmart.org/web/node_modules/ws/lib/WebSocketServer.js:86:14)
    at emitThree (events.js:135:13)
    at Server.emit (events.js:216:7)
[2018-04-20T12:59:10.891] [INFO] default - TypeError: Cannot read property 'indexOf' of undefined
    at Object.add (/data/wwwroot/wss.onesmart.org/web/modules/mq.js:15:52)
    at WebSocketServer.connection (/data/wwwroot/wss.onesmart.org/web/app.js:17:8)
    at emitTwo (events.js:125:13)
    at WebSocketServer.emit (events.js:213:7)
    at handleUpgrade (/data/wwwroot/wss.onesmart.org/web/node_modules/ws/lib/WebSocketServer.js:87:16)
    at WebSocketServer.completeUpgrade (/data/wwwroot/wss.onesmart.org/web/node_modules/ws/lib/WebSocketServer.js:288:5)
    at WebSocketServer.handleUpgrade (/data/wwwroot/wss.onesmart.org/web/node_modules/ws/lib/WebSocketServer.js:227:10)
    at Server.WebSocketServer._ultron.on (/data/wwwroot/wss.onesmart.org/web/node_modules/ws/lib/WebSocketServer.js:86:14)
    at emitThree (events.js:135:13)
    at Server.emit (events.js:216:7)
[2018-04-20T12:59:46.643] [INFO] default - TypeError: Cannot read property 'indexOf' of undefined
    at Object.add (/data/wwwroot/wss.onesmart.org/web/modules/mq.js:15:52)
    at WebSocketServer.connection (/data/wwwroot/wss.onesmart.org/web/app.js:17:8)
    at emitTwo (events.js:125:13)
    at WebSocketServer.emit (events.js:213:7)
    at handleUpgrade (/data/wwwroot/wss.onesmart.org/web/node_modules/ws/lib/WebSocketServer.js:87:16)
    at WebSocketServer.completeUpgrade (/data/wwwroot/wss.onesmart.org/web/node_modules/ws/lib/WebSocketServer.js:288:5)
    at WebSocketServer.handleUpgrade (/data/wwwroot/wss.onesmart.org/web/node_modules/ws/lib/WebSocketServer.js:227:10)
    at Server.WebSocketServer._ultron.on (/data/wwwroot/wss.onesmart.org/web/node_modules/ws/lib/WebSocketServer.js:86:14)
    at emitThree (events.js:135:13)
    at Server.emit (events.js:216:7)
[2018-04-20T12:59:46.643] [INFO] default - TypeError: Cannot read property 'indexOf' of undefined
    at Object.add (/data/wwwroot/wss.onesmart.org/web/modules/mq.js:15:52)
    at WebSocketServer.connection (/data/wwwroot/wss.onesmart.org/web/app.js:17:8)
    at emitTwo (events.js:125:13)
    at WebSocketServer.emit (events.js:213:7)
    at handleUpgrade (/data/wwwroot/wss.onesmart.org/web/node_modules/ws/lib/WebSocketServer.js:87:16)
    at WebSocketServer.completeUpgrade (/data/wwwroot/wss.onesmart.org/web/node_modules/ws/lib/WebSocketServer.js:288:5)
    at WebSocketServer.handleUpgrade (/data/wwwroot/wss.onesmart.org/web/node_modules/ws/lib/WebSocketServer.js:227:10)
    at Server.WebSocketServer._ultron.on (/data/wwwroot/wss.onesmart.org/web/node_modules/ws/lib/WebSocketServer.js:86:14)
    at emitThree (events.js:135:13)
    at Server.emit (events.js:216:7)
