[2018-05-28T14:25:36.487] [INFO] default - TypeError: Cannot read property 'indexOf' of undefined
    at Object.add (/data/wwwroot/wss.onesmart.org/web/modules/mq.js:15:52)
    at WebSocketServer.connection (/data/wwwroot/wss.onesmart.org/web/app.js:17:8)
    at emitTwo (events.js:125:13)
    at WebSocketServer.emit (events.js:213:7)
    at handleUpgrade (/data/wwwroot/wss.onesmart.org/web/node_modules/ws/lib/WebSocketServer.js:87:16)
    at WebSocketServer.completeUpgrade (/data/wwwroot/wss.onesmart.org/web/node_modules/ws/lib/WebSocketServer.js:288:5)
    at WebSocketServer.handleUpgrade (/data/wwwroot/wss.onesmart.org/web/node_modules/ws/lib/WebSocketServer.js:227:10)
    at Server.WebSocketServer._ultron.on (/data/wwwroot/wss.onesmart.org/web/node_modules/ws/lib/WebSocketServer.js:86:14)
    at emitThree (events.js:135:13)
    at Server.emit (events.js:216:7)
[2018-05-28T14:25:36.488] [INFO] default - TypeError: Cannot read property 'indexOf' of undefined
    at Object.add (/data/wwwroot/wss.onesmart.org/web/modules/mq.js:15:52)
    at WebSocketServer.connection (/data/wwwroot/wss.onesmart.org/web/app.js:17:8)
    at emitTwo (events.js:125:13)
    at WebSocketServer.emit (events.js:213:7)
    at handleUpgrade (/data/wwwroot/wss.onesmart.org/web/node_modules/ws/lib/WebSocketServer.js:87:16)
    at WebSocketServer.completeUpgrade (/data/wwwroot/wss.onesmart.org/web/node_modules/ws/lib/WebSocketServer.js:288:5)
    at WebSocketServer.handleUpgrade (/data/wwwroot/wss.onesmart.org/web/node_modules/ws/lib/WebSocketServer.js:227:10)
    at Server.WebSocketServer._ultron.on (/data/wwwroot/wss.onesmart.org/web/node_modules/ws/lib/WebSocketServer.js:86:14)
    at emitThree (events.js:135:13)
    at Server.emit (events.js:216:7)
[2018-05-28T14:26:23.167] [INFO] default - TypeError: Cannot read property 'indexOf' of undefined
    at Object.add (/data/wwwroot/wss.onesmart.org/web/modules/mq.js:15:52)
    at WebSocketServer.connection (/data/wwwroot/wss.onesmart.org/web/app.js:17:8)
    at emitTwo (events.js:125:13)
    at WebSocketServer.emit (events.js:213:7)
    at handleUpgrade (/data/wwwroot/wss.onesmart.org/web/node_modules/ws/lib/WebSocketServer.js:87:16)
    at WebSocketServer.completeUpgrade (/data/wwwroot/wss.onesmart.org/web/node_modules/ws/lib/WebSocketServer.js:288:5)
    at WebSocketServer.handleUpgrade (/data/wwwroot/wss.onesmart.org/web/node_modules/ws/lib/WebSocketServer.js:227:10)
    at Server.WebSocketServer._ultron.on (/data/wwwroot/wss.onesmart.org/web/node_modules/ws/lib/WebSocketServer.js:86:14)
    at emitThree (events.js:135:13)
    at Server.emit (events.js:216:7)
[2018-05-28T14:26:23.167] [INFO] default - TypeError: Cannot read property 'indexOf' of undefined
    at Object.add (/data/wwwroot/wss.onesmart.org/web/modules/mq.js:15:52)
    at WebSocketServer.connection (/data/wwwroot/wss.onesmart.org/web/app.js:17:8)
    at emitTwo (events.js:125:13)
    at WebSocketServer.emit (events.js:213:7)
    at handleUpgrade (/data/wwwroot/wss.onesmart.org/web/node_modules/ws/lib/WebSocketServer.js:87:16)
    at WebSocketServer.completeUpgrade (/data/wwwroot/wss.onesmart.org/web/node_modules/ws/lib/WebSocketServer.js:288:5)
    at WebSocketServer.handleUpgrade (/data/wwwroot/wss.onesmart.org/web/node_modules/ws/lib/WebSocketServer.js:227:10)
    at Server.WebSocketServer._ultron.on (/data/wwwroot/wss.onesmart.org/web/node_modules/ws/lib/WebSocketServer.js:86:14)
    at emitThree (events.js:135:13)
    at Server.emit (events.js:216:7)
[2018-05-28T14:27:59.361] [INFO] default - TypeError: Cannot read property 'indexOf' of undefined
    at Object.add (/data/wwwroot/wss.onesmart.org/web/modules/mq.js:15:52)
    at WebSocketServer.connection (/data/wwwroot/wss.onesmart.org/web/app.js:17:8)
    at emitTwo (events.js:125:13)
    at WebSocketServer.emit (events.js:213:7)
    at handleUpgrade (/data/wwwroot/wss.onesmart.org/web/node_modules/ws/lib/WebSocketServer.js:87:16)
    at WebSocketServer.completeUpgrade (/data/wwwroot/wss.onesmart.org/web/node_modules/ws/lib/WebSocketServer.js:288:5)
    at WebSocketServer.handleUpgrade (/data/wwwroot/wss.onesmart.org/web/node_modules/ws/lib/WebSocketServer.js:227:10)
    at Server.WebSocketServer._ultron.on (/data/wwwroot/wss.onesmart.org/web/node_modules/ws/lib/WebSocketServer.js:86:14)
    at emitThree (events.js:135:13)
    at Server.emit (events.js:216:7)
[2018-05-28T14:27:59.361] [INFO] default - TypeError: Cannot read property 'indexOf' of undefined
    at Object.add (/data/wwwroot/wss.onesmart.org/web/modules/mq.js:15:52)
    at WebSocketServer.connection (/data/wwwroot/wss.onesmart.org/web/app.js:17:8)
    at emitTwo (events.js:125:13)
    at WebSocketServer.emit (events.js:213:7)
    at handleUpgrade (/data/wwwroot/wss.onesmart.org/web/node_modules/ws/lib/WebSocketServer.js:87:16)
    at WebSocketServer.completeUpgrade (/data/wwwroot/wss.onesmart.org/web/node_modules/ws/lib/WebSocketServer.js:288:5)
    at WebSocketServer.handleUpgrade (/data/wwwroot/wss.onesmart.org/web/node_modules/ws/lib/WebSocketServer.js:227:10)
    at Server.WebSocketServer._ultron.on (/data/wwwroot/wss.onesmart.org/web/node_modules/ws/lib/WebSocketServer.js:86:14)
    at emitThree (events.js:135:13)
    at Server.emit (events.js:216:7)
[2018-05-28T14:53:06.502] [INFO] default - TypeError: Cannot read property 'indexOf' of undefined
    at Object.add (/data/wwwroot/wss.onesmart.org/web/modules/mq.js:15:52)
    at WebSocketServer.connection (/data/wwwroot/wss.onesmart.org/web/app.js:17:8)
    at emitTwo (events.js:125:13)
    at WebSocketServer.emit (events.js:213:7)
    at handleUpgrade (/data/wwwroot/wss.onesmart.org/web/node_modules/ws/lib/WebSocketServer.js:87:16)
    at WebSocketServer.completeUpgrade (/data/wwwroot/wss.onesmart.org/web/node_modules/ws/lib/WebSocketServer.js:288:5)
    at WebSocketServer.handleUpgrade (/data/wwwroot/wss.onesmart.org/web/node_modules/ws/lib/WebSocketServer.js:227:10)
    at Server.WebSocketServer._ultron.on (/data/wwwroot/wss.onesmart.org/web/node_modules/ws/lib/WebSocketServer.js:86:14)
    at emitThree (events.js:135:13)
    at Server.emit (events.js:216:7)
[2018-05-28T14:53:06.503] [INFO] default - TypeError: Cannot read property 'indexOf' of undefined
    at Object.add (/data/wwwroot/wss.onesmart.org/web/modules/mq.js:15:52)
    at WebSocketServer.connection (/data/wwwroot/wss.onesmart.org/web/app.js:17:8)
    at emitTwo (events.js:125:13)
    at WebSocketServer.emit (events.js:213:7)
    at handleUpgrade (/data/wwwroot/wss.onesmart.org/web/node_modules/ws/lib/WebSocketServer.js:87:16)
    at WebSocketServer.completeUpgrade (/data/wwwroot/wss.onesmart.org/web/node_modules/ws/lib/WebSocketServer.js:288:5)
    at WebSocketServer.handleUpgrade (/data/wwwroot/wss.onesmart.org/web/node_modules/ws/lib/WebSocketServer.js:227:10)
    at Server.WebSocketServer._ultron.on (/data/wwwroot/wss.onesmart.org/web/node_modules/ws/lib/WebSocketServer.js:86:14)
    at emitThree (events.js:135:13)
    at Server.emit (events.js:216:7)
[2018-05-28T14:53:50.875] [INFO] default - TypeError: Cannot read property 'indexOf' of undefined
    at Object.add (/data/wwwroot/wss.onesmart.org/web/modules/mq.js:15:52)
    at WebSocketServer.connection (/data/wwwroot/wss.onesmart.org/web/app.js:17:8)
    at emitTwo (events.js:125:13)
    at WebSocketServer.emit (events.js:213:7)
    at handleUpgrade (/data/wwwroot/wss.onesmart.org/web/node_modules/ws/lib/WebSocketServer.js:87:16)
    at WebSocketServer.completeUpgrade (/data/wwwroot/wss.onesmart.org/web/node_modules/ws/lib/WebSocketServer.js:288:5)
    at WebSocketServer.handleUpgrade (/data/wwwroot/wss.onesmart.org/web/node_modules/ws/lib/WebSocketServer.js:227:10)
    at Server.WebSocketServer._ultron.on (/data/wwwroot/wss.onesmart.org/web/node_modules/ws/lib/WebSocketServer.js:86:14)
    at emitThree (events.js:135:13)
    at Server.emit (events.js:216:7)
[2018-05-28T14:53:50.876] [INFO] default - TypeError: Cannot read property 'indexOf' of undefined
    at Object.add (/data/wwwroot/wss.onesmart.org/web/modules/mq.js:15:52)
    at WebSocketServer.connection (/data/wwwroot/wss.onesmart.org/web/app.js:17:8)
    at emitTwo (events.js:125:13)
    at WebSocketServer.emit (events.js:213:7)
    at handleUpgrade (/data/wwwroot/wss.onesmart.org/web/node_modules/ws/lib/WebSocketServer.js:87:16)
    at WebSocketServer.completeUpgrade (/data/wwwroot/wss.onesmart.org/web/node_modules/ws/lib/WebSocketServer.js:288:5)
    at WebSocketServer.handleUpgrade (/data/wwwroot/wss.onesmart.org/web/node_modules/ws/lib/WebSocketServer.js:227:10)
    at Server.WebSocketServer._ultron.on (/data/wwwroot/wss.onesmart.org/web/node_modules/ws/lib/WebSocketServer.js:86:14)
    at emitThree (events.js:135:13)
    at Server.emit (events.js:216:7)
[2018-05-28T14:55:39.738] [INFO] default - TypeError: Cannot read property 'indexOf' of undefined
    at Object.add (/data/wwwroot/wss.onesmart.org/web/modules/mq.js:15:52)
    at WebSocketServer.connection (/data/wwwroot/wss.onesmart.org/web/app.js:17:8)
    at emitTwo (events.js:125:13)
    at WebSocketServer.emit (events.js:213:7)
    at handleUpgrade (/data/wwwroot/wss.onesmart.org/web/node_modules/ws/lib/WebSocketServer.js:87:16)
    at WebSocketServer.completeUpgrade (/data/wwwroot/wss.onesmart.org/web/node_modules/ws/lib/WebSocketServer.js:288:5)
    at WebSocketServer.handleUpgrade (/data/wwwroot/wss.onesmart.org/web/node_modules/ws/lib/WebSocketServer.js:227:10)
    at Server.WebSocketServer._ultron.on (/data/wwwroot/wss.onesmart.org/web/node_modules/ws/lib/WebSocketServer.js:86:14)
    at emitThree (events.js:135:13)
    at Server.emit (events.js:216:7)
[2018-05-28T14:55:39.739] [INFO] default - TypeError: Cannot read property 'indexOf' of undefined
    at Object.add (/data/wwwroot/wss.onesmart.org/web/modules/mq.js:15:52)
    at WebSocketServer.connection (/data/wwwroot/wss.onesmart.org/web/app.js:17:8)
    at emitTwo (events.js:125:13)
    at WebSocketServer.emit (events.js:213:7)
    at handleUpgrade (/data/wwwroot/wss.onesmart.org/web/node_modules/ws/lib/WebSocketServer.js:87:16)
    at WebSocketServer.completeUpgrade (/data/wwwroot/wss.onesmart.org/web/node_modules/ws/lib/WebSocketServer.js:288:5)
    at WebSocketServer.handleUpgrade (/data/wwwroot/wss.onesmart.org/web/node_modules/ws/lib/WebSocketServer.js:227:10)
    at Server.WebSocketServer._ultron.on (/data/wwwroot/wss.onesmart.org/web/node_modules/ws/lib/WebSocketServer.js:86:14)
    at emitThree (events.js:135:13)
    at Server.emit (events.js:216:7)
[2018-05-28T14:57:11.900] [INFO] default - TypeError: Cannot read property 'indexOf' of undefined
    at Object.add (/data/wwwroot/wss.onesmart.org/web/modules/mq.js:15:52)
    at WebSocketServer.connection (/data/wwwroot/wss.onesmart.org/web/app.js:17:8)
    at emitTwo (events.js:125:13)
    at WebSocketServer.emit (events.js:213:7)
    at handleUpgrade (/data/wwwroot/wss.onesmart.org/web/node_modules/ws/lib/WebSocketServer.js:87:16)
    at WebSocketServer.completeUpgrade (/data/wwwroot/wss.onesmart.org/web/node_modules/ws/lib/WebSocketServer.js:288:5)
    at WebSocketServer.handleUpgrade (/data/wwwroot/wss.onesmart.org/web/node_modules/ws/lib/WebSocketServer.js:227:10)
    at Server.WebSocketServer._ultron.on (/data/wwwroot/wss.onesmart.org/web/node_modules/ws/lib/WebSocketServer.js:86:14)
    at emitThree (events.js:135:13)
    at Server.emit (events.js:216:7)
[2018-05-28T14:57:11.900] [INFO] default - TypeError: Cannot read property 'indexOf' of undefined
    at Object.add (/data/wwwroot/wss.onesmart.org/web/modules/mq.js:15:52)
    at WebSocketServer.connection (/data/wwwroot/wss.onesmart.org/web/app.js:17:8)
    at emitTwo (events.js:125:13)
    at WebSocketServer.emit (events.js:213:7)
    at handleUpgrade (/data/wwwroot/wss.onesmart.org/web/node_modules/ws/lib/WebSocketServer.js:87:16)
    at WebSocketServer.completeUpgrade (/data/wwwroot/wss.onesmart.org/web/node_modules/ws/lib/WebSocketServer.js:288:5)
    at WebSocketServer.handleUpgrade (/data/wwwroot/wss.onesmart.org/web/node_modules/ws/lib/WebSocketServer.js:227:10)
    at Server.WebSocketServer._ultron.on (/data/wwwroot/wss.onesmart.org/web/node_modules/ws/lib/WebSocketServer.js:86:14)
    at emitThree (events.js:135:13)
    at Server.emit (events.js:216:7)
[2018-05-28T14:57:38.824] [INFO] default - TypeError: Cannot read property 'indexOf' of undefined
    at Object.add (/data/wwwroot/wss.onesmart.org/web/modules/mq.js:15:52)
    at WebSocketServer.connection (/data/wwwroot/wss.onesmart.org/web/app.js:17:8)
    at emitTwo (events.js:125:13)
    at WebSocketServer.emit (events.js:213:7)
    at handleUpgrade (/data/wwwroot/wss.onesmart.org/web/node_modules/ws/lib/WebSocketServer.js:87:16)
    at WebSocketServer.completeUpgrade (/data/wwwroot/wss.onesmart.org/web/node_modules/ws/lib/WebSocketServer.js:288:5)
    at WebSocketServer.handleUpgrade (/data/wwwroot/wss.onesmart.org/web/node_modules/ws/lib/WebSocketServer.js:227:10)
    at Server.WebSocketServer._ultron.on (/data/wwwroot/wss.onesmart.org/web/node_modules/ws/lib/WebSocketServer.js:86:14)
    at emitThree (events.js:135:13)
    at Server.emit (events.js:216:7)
[2018-05-28T14:57:38.825] [INFO] default - TypeError: Cannot read property 'indexOf' of undefined
    at Object.add (/data/wwwroot/wss.onesmart.org/web/modules/mq.js:15:52)
    at WebSocketServer.connection (/data/wwwroot/wss.onesmart.org/web/app.js:17:8)
    at emitTwo (events.js:125:13)
    at WebSocketServer.emit (events.js:213:7)
    at handleUpgrade (/data/wwwroot/wss.onesmart.org/web/node_modules/ws/lib/WebSocketServer.js:87:16)
    at WebSocketServer.completeUpgrade (/data/wwwroot/wss.onesmart.org/web/node_modules/ws/lib/WebSocketServer.js:288:5)
    at WebSocketServer.handleUpgrade (/data/wwwroot/wss.onesmart.org/web/node_modules/ws/lib/WebSocketServer.js:227:10)
    at Server.WebSocketServer._ultron.on (/data/wwwroot/wss.onesmart.org/web/node_modules/ws/lib/WebSocketServer.js:86:14)
    at emitThree (events.js:135:13)
    at Server.emit (events.js:216:7)
