[2018-05-01T15:29:20.933] [INFO] default - TypeError: Cannot read property 'members' of undefined
    at Object.handle (/data/wwwroot/wss.onesmart.org/web/modules/INmessage.js:52:39)
    at WebSocket.incoming (/data/wwwroot/wss.onesmart.org/web/app.js:22:19)
    at emitOne (events.js:115:13)
    at WebSocket.emit (events.js:210:7)
    at Receiver._receiver.onmessage (/data/wwwroot/wss.onesmart.org/web/node_modules/ws/lib/WebSocket.js:141:47)
    at Receiver.dataMessage (/data/wwwroot/wss.onesmart.org/web/node_modules/ws/lib/Receiver.js:389:14)
    at Receiver.getData (/data/wwwroot/wss.onesmart.org/web/node_modules/ws/lib/Receiver.js:330:12)
    at Receiver.startLoop (/data/wwwroot/wss.onesmart.org/web/node_modules/ws/lib/Receiver.js:165:16)
    at Receiver.add (/data/wwwroot/wss.onesmart.org/web/node_modules/ws/lib/Receiver.js:139:10)
    at Socket._ultron.on (/data/wwwroot/wss.onesmart.org/web/node_modules/ws/lib/WebSocket.js:138:22)
[2018-05-01T15:29:20.935] [INFO] default - TypeError: Cannot read property 'members' of undefined
    at Object.handle (/data/wwwroot/wss.onesmart.org/web/modules/INmessage.js:52:39)
    at WebSocket.incoming (/data/wwwroot/wss.onesmart.org/web/app.js:22:19)
    at emitOne (events.js:115:13)
    at WebSocket.emit (events.js:210:7)
    at Receiver._receiver.onmessage (/data/wwwroot/wss.onesmart.org/web/node_modules/ws/lib/WebSocket.js:141:47)
    at Receiver.dataMessage (/data/wwwroot/wss.onesmart.org/web/node_modules/ws/lib/Receiver.js:389:14)
    at Receiver.getData (/data/wwwroot/wss.onesmart.org/web/node_modules/ws/lib/Receiver.js:330:12)
    at Receiver.startLoop (/data/wwwroot/wss.onesmart.org/web/node_modules/ws/lib/Receiver.js:165:16)
    at Receiver.add (/data/wwwroot/wss.onesmart.org/web/node_modules/ws/lib/Receiver.js:139:10)
    at Socket._ultron.on (/data/wwwroot/wss.onesmart.org/web/node_modules/ws/lib/WebSocket.js:138:22)
[2018-05-01T15:29:27.623] [INFO] default - SyntaxError: Unexpected token  in JSON at position 0
    at JSON.parse (<anonymous>)
    at WebSocket.incoming (/data/wwwroot/wss.onesmart.org/web/app.js:22:31)
    at emitOne (events.js:115:13)
    at WebSocket.emit (events.js:210:7)
    at Receiver._receiver.onmessage (/data/wwwroot/wss.onesmart.org/web/node_modules/ws/lib/WebSocket.js:141:47)
    at Receiver.dataMessage (/data/wwwroot/wss.onesmart.org/web/node_modules/ws/lib/Receiver.js:389:14)
    at Receiver.getData (/data/wwwroot/wss.onesmart.org/web/node_modules/ws/lib/Receiver.js:330:12)
    at Receiver.startLoop (/data/wwwroot/wss.onesmart.org/web/node_modules/ws/lib/Receiver.js:165:16)
    at Receiver.add (/data/wwwroot/wss.onesmart.org/web/node_modules/ws/lib/Receiver.js:139:10)
    at Socket._ultron.on (/data/wwwroot/wss.onesmart.org/web/node_modules/ws/lib/WebSocket.js:138:22)
[2018-05-01T15:29:27.624] [INFO] default - SyntaxError: Unexpected token  in JSON at position 0
    at JSON.parse (<anonymous>)
    at WebSocket.incoming (/data/wwwroot/wss.onesmart.org/web/app.js:22:31)
    at emitOne (events.js:115:13)
    at WebSocket.emit (events.js:210:7)
    at Receiver._receiver.onmessage (/data/wwwroot/wss.onesmart.org/web/node_modules/ws/lib/WebSocket.js:141:47)
    at Receiver.dataMessage (/data/wwwroot/wss.onesmart.org/web/node_modules/ws/lib/Receiver.js:389:14)
    at Receiver.getData (/data/wwwroot/wss.onesmart.org/web/node_modules/ws/lib/Receiver.js:330:12)
    at Receiver.startLoop (/data/wwwroot/wss.onesmart.org/web/node_modules/ws/lib/Receiver.js:165:16)
    at Receiver.add (/data/wwwroot/wss.onesmart.org/web/node_modules/ws/lib/Receiver.js:139:10)
    at Socket._ultron.on (/data/wwwroot/wss.onesmart.org/web/node_modules/ws/lib/WebSocket.js:138:22)
[2018-05-01T15:30:48.081] [INFO] default - TypeError: Cannot read property 'members' of undefined
    at Object.handle (/data/wwwroot/wss.onesmart.org/web/modules/INmessage.js:52:39)
    at WebSocket.incoming (/data/wwwroot/wss.onesmart.org/web/app.js:22:19)
    at emitOne (events.js:115:13)
    at WebSocket.emit (events.js:210:7)
    at Receiver._receiver.onmessage (/data/wwwroot/wss.onesmart.org/web/node_modules/ws/lib/WebSocket.js:141:47)
    at Receiver.dataMessage (/data/wwwroot/wss.onesmart.org/web/node_modules/ws/lib/Receiver.js:389:14)
    at Receiver.getData (/data/wwwroot/wss.onesmart.org/web/node_modules/ws/lib/Receiver.js:330:12)
    at Receiver.startLoop (/data/wwwroot/wss.onesmart.org/web/node_modules/ws/lib/Receiver.js:165:16)
    at Receiver.add (/data/wwwroot/wss.onesmart.org/web/node_modules/ws/lib/Receiver.js:139:10)
    at Socket._ultron.on (/data/wwwroot/wss.onesmart.org/web/node_modules/ws/lib/WebSocket.js:138:22)
[2018-05-01T15:30:48.082] [INFO] default - TypeError: Cannot read property 'members' of undefined
    at Object.handle (/data/wwwroot/wss.onesmart.org/web/modules/INmessage.js:52:39)
    at WebSocket.incoming (/data/wwwroot/wss.onesmart.org/web/app.js:22:19)
    at emitOne (events.js:115:13)
    at WebSocket.emit (events.js:210:7)
    at Receiver._receiver.onmessage (/data/wwwroot/wss.onesmart.org/web/node_modules/ws/lib/WebSocket.js:141:47)
    at Receiver.dataMessage (/data/wwwroot/wss.onesmart.org/web/node_modules/ws/lib/Receiver.js:389:14)
    at Receiver.getData (/data/wwwroot/wss.onesmart.org/web/node_modules/ws/lib/Receiver.js:330:12)
    at Receiver.startLoop (/data/wwwroot/wss.onesmart.org/web/node_modules/ws/lib/Receiver.js:165:16)
    at Receiver.add (/data/wwwroot/wss.onesmart.org/web/node_modules/ws/lib/Receiver.js:139:10)
    at Socket._ultron.on (/data/wwwroot/wss.onesmart.org/web/node_modules/ws/lib/WebSocket.js:138:22)
