[2018-06-05T13:00:38.885] [INFO] default - { Error: listen EADDRINUSE 0.0.0.0:8100
    at Object.exports._errnoException (util.js:1026:11)
    at exports._exceptionWithHostPort (util.js:1049:20)
    at Server.setupListenHandle [as _listen2] (net.js:1305:14)
    at listenInCluster (net.js:1353:12)
    at Server.listen (net.js:1453:7)
    at WebSocketServer (/data/wwwroot/wss.onesmart.org/web/node_modules/ws/lib/WebSocketServer.js:76:20)
    at Object.<anonymous> (/data/wwwroot/wss.onesmart.org/web/modules/listen.js:5:11)
    at Module._compile (module.js:569:30)
    at Object.Module._extensions..js (module.js:580:10)
    at Module.load (module.js:503:32)
  code: 'EADDRINUSE',
  errno: 'EADDRINUSE',
  syscall: 'listen',
  address: '0.0.0.0',
  port: 8100 }
[2018-06-05T13:00:38.893] [INFO] default - Error: listen EADDRINUSE 0.0.0.0:8100
    at Object.exports._errnoException (util.js:1026:11)
    at exports._exceptionWithHostPort (util.js:1049:20)
    at Server.setupListenHandle [as _listen2] (net.js:1305:14)
    at listenInCluster (net.js:1353:12)
    at Server.listen (net.js:1453:7)
    at WebSocketServer (/data/wwwroot/wss.onesmart.org/web/node_modules/ws/lib/WebSocketServer.js:76:20)
    at Object.<anonymous> (/data/wwwroot/wss.onesmart.org/web/modules/listen.js:5:11)
    at Module._compile (module.js:569:30)
    at Object.Module._extensions..js (module.js:580:10)
    at Module.load (module.js:503:32)
