[2018-04-20T22:24:28.534] [INFO] default - TypeError: Cannot read property 'members' of undefined
    at Object.handle (/data/wwwroot/wss.onesmart.org/web/modules/INmessage.js:52:39)
    at WebSocket.incoming (/data/wwwroot/wss.onesmart.org/web/app.js:22:19)
    at emitOne (events.js:115:13)
    at WebSocket.emit (events.js:210:7)
    at Receiver._receiver.onmessage (/data/wwwroot/wss.onesmart.org/web/node_modules/ws/lib/WebSocket.js:141:47)
    at Receiver.dataMessage (/data/wwwroot/wss.onesmart.org/web/node_modules/ws/lib/Receiver.js:389:14)
    at Receiver.getData (/data/wwwroot/wss.onesmart.org/web/node_modules/ws/lib/Receiver.js:330:12)
    at Receiver.startLoop (/data/wwwroot/wss.onesmart.org/web/node_modules/ws/lib/Receiver.js:165:16)
    at Receiver.add (/data/wwwroot/wss.onesmart.org/web/node_modules/ws/lib/Receiver.js:139:10)
    at Socket._ultron.on (/data/wwwroot/wss.onesmart.org/web/node_modules/ws/lib/WebSocket.js:138:22)
[2018-04-20T22:24:28.542] [INFO] default - TypeError: Cannot read property 'members' of undefined
    at Object.handle (/data/wwwroot/wss.onesmart.org/web/modules/INmessage.js:52:39)
    at WebSocket.incoming (/data/wwwroot/wss.onesmart.org/web/app.js:22:19)
    at emitOne (events.js:115:13)
    at WebSocket.emit (events.js:210:7)
    at Receiver._receiver.onmessage (/data/wwwroot/wss.onesmart.org/web/node_modules/ws/lib/WebSocket.js:141:47)
    at Receiver.dataMessage (/data/wwwroot/wss.onesmart.org/web/node_modules/ws/lib/Receiver.js:389:14)
    at Receiver.getData (/data/wwwroot/wss.onesmart.org/web/node_modules/ws/lib/Receiver.js:330:12)
    at Receiver.startLoop (/data/wwwroot/wss.onesmart.org/web/node_modules/ws/lib/Receiver.js:165:16)
    at Receiver.add (/data/wwwroot/wss.onesmart.org/web/node_modules/ws/lib/Receiver.js:139:10)
    at Socket._ultron.on (/data/wwwroot/wss.onesmart.org/web/node_modules/ws/lib/WebSocket.js:138:22)
